<?xml version="1.0" encoding="UTF-8"?>
<!-- Generated by org.testng.reporters.JUnitReportReporter -->
<testsuite hostname="Gayatri-LP" failures="0" tests="2" name="com.qa.amazon.tests.HomePageTest" time="14.746" errors="0" timestamp="2023-01-17T09:50:54 PST" skipped="0">
  <testcase classname="com.qa.amazon.tests.HomePageTest" name="verifyTitle" time="0.009"/>
  <system-out/>
  <testcase classname="com.qa.amazon.tests.HomePageTest" name="searchProduct" time="14.737"/>
  <system-out/>
</testsuite> <!-- com.qa.amazon.tests.HomePageTest -->
