<?xml version="1.0" encoding="UTF-8"?>
<!-- Generated by org.testng.reporters.JUnitReportReporter -->
<testsuite hostname="Gayatri-LP" failures="0" tests="2" name="com.qa.amazon.tests.LoginPageTest" time="11.563" errors="0" timestamp="2023-01-17T09:50:54 PST" skipped="0">
  <testcase classname="com.qa.amazon.tests.LoginPageTest" name="verifyTitle" time="0.070"/>
  <system-out/>
  <testcase classname="com.qa.amazon.tests.LoginPageTest" name="login" time="11.493"/>
  <system-out/>
</testsuite> <!-- com.qa.amazon.tests.LoginPageTest -->
